<?xml version="1.0" encoding="UTF-8"?>
<!-- Generated by org.testng.reporters.JUnitReportReporter -->
<testsuite hostname="Aamir-pc" failures="0" tests="3" name="Basic" time="15.368" errors="0" timestamp="2022-05-30T13:13:05 IST" skipped="0">
  <testcase classname="Basic" name="TestCase_02_SignUpSuccessfull" time="14.747"/>
  <system-out/>
  <testcase classname="Basic" name="TC03_Login" time="0.366"/>
  <system-out/>
  <testcase classname="Basic" name="TC03_ForgotPassword" time="0.255"/>
  <system-out/>
</testsuite> <!-- Basic -->
