<?xml version="1.0" encoding="UTF-8"?>
<!-- Generated by org.testng.reporters.JUnitReportReporter -->
<testsuite hostname="Aamir-pc" failures="0" tests="1" name="TC02_Signup" time="2.535" errors="0" timestamp="2022-05-27T13:31:02 IST" skipped="0">
  <testcase classname="TC02_Signup" name="SignUpSuccessfull" time="2.535"/>
  <system-out/>
</testsuite> <!-- TC02_Signup -->
