<?xml version="1.0" encoding="UTF-8"?>
<!-- Generated by org.testng.reporters.JUnitReportReporter -->
<testsuite hostname="Aamir-pc" failures="0" tests="3" name="Basic" time="6.138" errors="0" timestamp="2022-05-30T16:47:15 IST" skipped="0">
  <testcase classname="Basic" name="TestCase_02_SignUpSuccessfull" time="5.327"/>
  <system-out/>
  <testcase classname="Basic" name="TC03_Login" time="0.484"/>
  <system-out/>
  <testcase classname="Basic" name="TC03_ForgotPassword" time="0.327"/>
  <system-out/>
</testsuite> <!-- Basic -->
