<?xml version="1.0" encoding="UTF-8"?>
<!-- Generated by org.testng.reporters.JUnitReportReporter -->
<testsuite hostname="Aamir-pc" failures="0" tests="1" name="Busfabrik" time="0.411" errors="0" timestamp="2022-05-27T13:31:02 IST" skipped="0">
  <testcase classname="Busfabrik" name="TC01_GetAllCampers" time="0.411"/>
  <system-out/>
</testsuite> <!-- Busfabrik -->
