<?xml version="1.0" encoding="UTF-8"?>
<!-- Generated by org.testng.reporters.JUnitReportReporter -->
<testsuite hostname="Aamir-pc" failures="0" tests="1" name="Basic_Authentication" time="8.644" errors="0" timestamp="2022-05-27T13:31:02 IST" skipped="0">
  <testcase classname="Basic_Authentication" name="Authorization" time="8.644"/>
  <system-out/>
</testsuite> <!-- Basic_Authentication -->
