<?xml version="1.0" encoding="UTF-8"?>
<!-- Generated by org.testng.reporters.JUnitReportReporter -->
<testsuite hostname="Aamir-pc" failures="0" tests="1" name="Basic_Authentication" time="19.707" errors="0" timestamp="2022-05-30T16:47:15 IST" skipped="0">
  <testcase classname="Basic_Authentication" name="Authorization" time="19.707"/>
  <system-out/>
</testsuite> <!-- Basic_Authentication -->
